Namespace(n_hid=256, cpu=False, inp_scaling=0.2, rho=1.2, leaky=0.1, regul=0.05, lag=1, use_test=True, show_result=False, test_trials=1, feedback_size=0, neighbour_feedback_size=0, bias_scaling=None, avoid_rescal_effective=True, solver=None, washout=200, show_plot=False, n_layers=1, neighbour_scaling=1.0)
Using device  cpu


Conditioning: 2395.96533203125


Last training activation: [ 1.60876477e+00 -1.38665736e+00  3.07626247e-01 -1.04923189e+00
  1.34275639e+00 -1.87439573e+00 -4.77852553e-01  1.62771142e+00
 -9.42886174e-01  1.12405801e+00 -1.56937850e+00  1.82870126e+00
 -1.08040833e+00  7.45019615e-01  2.74402052e-01  9.86146867e-01
  5.28190374e-01  2.59632647e-01  2.01274276e+00 -2.23601207e-01
 -1.02174127e+00  1.55087554e+00 -4.28258717e-01 -1.10209906e+00
 -7.62279153e-01 -1.27609360e+00  2.09647965e+00 -8.51350665e-01
 -9.02952999e-02  3.80151540e-01 -1.09539807e+00 -1.38361526e+00
  2.36712769e-01  1.91582775e+00 -7.92413473e-01 -4.29334611e-01
  6.85267508e-01 -1.61594763e-01 -2.14973778e-01  3.21226269e-01
  1.21663344e+00  2.24491343e-01 -6.73421502e-01 -8.23318124e-01
 -7.91417003e-01 -1.28536642e-01 -1.38094664e+00  1.08836865e+00
 -2.84719050e-01  3.18932742e-01 -1.80492377e+00  1.59509301e+00
  1.65898526e+00 -1.08297184e-01 -8.21640432e-01  7.01711774e-01
  1.40565681e+00  1.16235602e+00  1.82428706e+00  2.56105471e+00
  1.66454637e+00  3.17289680e-01  5.38842618e-01 -1.37614816e-01
  7.33843029e-01  3.44029248e-01  1.52977133e+00  9.81213093e-01
 -3.00146669e-01 -5.03537841e-02 -3.22710633e-01 -2.12826562e+00
  8.24061334e-01 -1.05914688e+00 -1.51256561e+00  2.01565170e+00
 -6.39730096e-01  2.71535367e-01  3.98681283e-01  9.80667653e-04
  2.19734263e+00 -5.84635377e-01 -6.22872949e-01  7.43002355e-01
  6.43708527e-01  1.29004252e+00 -1.43904221e+00  1.52809536e+00
  6.40122220e-02 -6.64837420e-01  2.70946950e-01 -5.68322837e-01
  8.64436507e-01 -1.72337508e+00  8.54346991e-01  4.26726699e-01
 -1.86071754e+00 -7.93195784e-01  1.61348009e+00  4.46972758e-01
 -1.23893356e+00 -1.92021564e-01  5.15299976e-01  1.65925765e+00
  1.69749367e+00 -1.01580966e+00  1.73284426e-01 -1.26935434e+00
  2.36263543e-01  1.57343400e+00  5.18608272e-01  1.02310169e+00
 -1.48856139e+00  9.93351340e-01  1.16103673e+00  3.06885660e-01
  4.34913754e-01  5.14144778e-01  2.16283751e+00  1.63162887e+00
 -4.24021810e-01  1.23660886e+00 -4.11889791e-01 -6.48122191e-01
  2.23824054e-01 -2.84922212e-01  1.24301577e+00 -3.77888650e-01
 -3.21818054e-01 -2.10827994e+00 -8.56078267e-01 -1.42226839e+00
  2.77549237e-01  6.02670610e-01  1.38334006e-01  7.07487583e-01
 -8.65024328e-01 -1.67810589e-01  1.40549505e+00  9.21390772e-01
  2.87029773e-01 -1.00526929e+00  1.60592711e+00 -2.17678621e-01
  9.38854441e-02 -2.13975382e+00  1.59631622e+00  1.58050358e+00
 -1.53188992e+00  7.52341226e-02  1.18394911e+00 -2.06059647e+00
 -1.31323755e+00 -8.80569696e-01 -1.67540574e+00 -1.71647930e+00
  2.32049274e+00  1.75692514e-01 -1.28236854e+00  1.15245736e+00
 -2.09669366e-01  5.34115970e-01  9.74369287e-01 -9.03129697e-01
  1.67179182e-01  9.71554756e-01 -5.66174328e-01  7.36914814e-01
 -2.42471957e+00  1.09277713e+00  2.85495132e-01  1.32325232e+00
 -9.49409008e-01  1.43124366e+00 -9.03091908e-01 -5.18211722e-01
  7.18834221e-01  4.01882887e-01 -1.51384902e+00 -1.39351737e+00
 -1.60027516e+00  5.75936735e-01  1.03294003e+00 -1.55206347e+00
  2.81880081e-01 -2.47598577e+00  1.22544801e+00 -9.16887879e-01
  5.81523061e-01 -1.15599203e+00  8.77673924e-01  8.47227216e-01
 -3.57022256e-01  8.69253397e-01 -7.90063620e-01  8.38532627e-01
  1.50669956e+00 -7.50172973e-01 -1.51482058e+00  1.59363055e+00
 -1.38099110e+00 -9.44191396e-01  1.24995232e+00  1.63739038e+00
  1.88392234e+00 -1.09019732e+00 -1.52715373e+00  2.30150151e+00
 -1.55604172e+00  3.84195715e-01 -1.05239213e+00 -9.82988596e-01
  5.80190420e-01 -1.39062786e+00 -1.08371043e+00  4.83141959e-01
 -6.91443980e-01  1.39111087e-01  4.36802030e-01 -4.38119382e-01
 -8.37260544e-01  2.14315504e-01  8.30329180e-01  1.13565052e+00
  9.90500510e-01  1.49494636e+00  6.85238957e-01  1.43051302e+00
 -1.56707895e+00 -3.62075925e-01  1.00437307e+00 -1.05503237e+00
  3.47192764e-01  1.04845619e+00  1.75837600e+00 -1.77950132e+00
 -2.01822042e-01 -1.76032007e-01 -6.47643805e-01 -1.47416341e+00
 -6.05188549e-01 -1.77748334e+00  9.30070102e-01  3.67174417e-01
  4.17253643e-01 -1.42760229e+00  6.01908490e-02  9.16806817e-01
  2.57128775e-01  1.44177759e+00  6.23341382e-01 -1.37544119e+00
  1.81949008e+00 -1.06767225e+00 -1.84169722e+00 -7.16079354e-01]

Last prediction: [[ -7.2541447 -11.569672   17.3054   ]]
Y[last]: [ -7.264181 -11.561075  17.31829 ]




Ot: [ -7.2541447 -11.569672   17.3054   ]

torch.Size([1, 1, 3])
First testing activation: [-1.5058178e+00  7.8157705e-01 -3.3535483e+00  6.4399725e-01
  1.4896002e+00 -2.1840911e+00  1.1257846e+00  4.4610247e-01
  1.1474721e+00 -1.3210496e+00  4.2862362e-01  7.5408405e-01
  9.0805238e-01 -3.6730542e+00  5.7587337e-01 -7.6610363e-01
 -3.1051254e+00 -3.1557515e+00  6.5521151e-01 -8.8414806e-01
  1.4303566e+00  4.8437433e+00  4.4503527e+00  4.2239717e-01
  1.8259469e+00 -5.4590845e-01  6.7481363e-01 -1.2872142e+00
  2.0775325e+00  2.5836384e+00 -2.0097880e-01 -9.9762183e-01
 -1.8877546e+00  9.7140622e-01  3.1061387e+00 -3.8433662e-01
 -3.8178103e+00  7.3750849e+00  1.2027769e+02  3.2390413e-01
 -3.8873265e+00 -1.0512278e+01  2.6084275e+00  1.7942454e+00
  3.3302844e+00  1.9347646e+02 -8.1823957e-01 -4.4855067e-01
 -4.4779387e-01  1.7965032e-01 -1.9953182e-01 -6.7703053e-02
  1.7473005e-01 -4.4090800e+00  1.1917182e+00 -1.0672646e+00
  4.0536735e-02 -3.8257790e-01  9.4062287e-01  1.1211816e+00
  1.2369434e+00 -4.3854403e+00 -3.3920352e+00  1.2016411e-01
 -2.9562871e+00 -9.4067121e-01  8.6492056e-01  5.5723648e+00
  1.9458568e+00  8.7463468e-02 -4.6649418e+00 -8.2298183e-01
 -2.2277210e+00  6.4207971e-01 -4.9376434e-01  5.3745365e-01
 -4.5845684e-01 -3.5135126e+00  6.0864574e-01 -1.0106737e+01
  7.9406875e-01  1.6933342e+00  1.6123993e+00 -1.8923978e+00
 -1.3844781e+00 -1.3268672e+00  3.4103280e-01 -9.7233310e-02
 -2.2038561e+01 -1.9148148e+00 -6.8810277e+00 -1.3137869e+00
 -3.2532094e+00 -3.0630538e-01 -8.6754644e-01  6.7217153e-01
 -5.5277061e-01  5.9310373e-02  3.5530227e-01 -2.9306924e+00
  6.0075557e-01  4.5410380e+00  2.4524179e+00  6.3717538e-01
  1.8567708e-01 -4.8477730e-01  1.0712003e+00  3.5627684e-01
 -1.6876849e+00 -2.9031399e-01 -4.8514855e-01 -1.2539184e+00
 -2.6739357e+00 -1.0475610e+00  4.9747944e-01 -1.0017328e+00
 -3.9437646e-01 -4.4594693e+00  4.5934713e-01  5.1332051e-01
 -7.7001148e-01  3.0796656e-01  3.9823270e+00  3.3148108e+00
 -8.3572083e+00  6.7472000e+00  9.7375822e-01 -1.1857420e+01
 -2.4445632e+00 -1.1200092e+00  1.2981312e-01  7.9100674e-01
 -4.2010632e+00 -5.8328241e-01 -5.7683101e+00 -5.3340974e+00
  1.2888345e+00  1.4931617e+01 -2.9386950e-01 -7.5111425e-01
 -4.0453639e+00  2.0026115e-01  8.9175314e-02  7.7219768e+00
 -2.2887168e+00 -6.0344511e-01  1.4119533e+00  1.4643471e+00
  6.1581433e-02  1.1010562e+00 -3.7265065e-01 -2.7745187e-01
 -6.1975795e-01  1.9313042e+00 -2.1477196e-01 -6.7834121e-01
  1.6416979e+00 -3.7221918e-01  4.0558386e-01 -2.7965164e+00
  1.8984184e+01 -1.7666184e+00 -4.8087901e-01  1.9799563e+00
 -7.0030684e+00 -1.1132658e+00 -1.2114139e+00 -2.8604681e+00
 -1.0403974e+00 -5.6070769e-01 -2.0244849e+00  7.6039070e-01
  1.2179284e+00  2.3783858e+00 -1.7161770e-01  3.6417673e+00
 -2.8941536e-01  1.6790942e+00 -2.2545809e-01  2.0276075e-02
 -3.0279523e-01 -7.8792280e-01  8.4738040e-01 -5.6781572e-01
 -5.0127702e+00 -4.2256451e+00  1.0296578e-01  7.5858945e-01
  1.3223470e+00  7.3468852e-01  1.8053302e+00 -2.1031351e+00
 -6.4469463e-01  2.6769440e+00  1.2751276e+00  1.8392514e-01
 -3.1488803e-01  7.5070477e-01  1.5745366e-01 -5.6378383e-02
 -1.9189247e-01  7.6865184e-01 -6.6465718e-01  1.8595517e+00
  3.7846893e-01 -2.1489372e+00 -4.3632546e-01  5.4752755e-01
  1.2737022e-01  8.8718659e-01  2.2115238e+00  1.0834677e+00
  2.5114458e-02  9.7830439e-01  9.1016966e-01 -5.8077818e-01
  6.8460947e-01 -3.5799739e-01  1.8617585e+00  2.4826996e+00
 -2.3639290e+00 -4.6387768e+00  2.9373400e+00 -6.9974971e-01
 -9.9555564e-01  7.5882643e-01 -3.8133020e+00  3.4794681e+00
 -9.4577664e-01  3.7420349e+00 -5.3563619e+00 -3.7753351e+00
 -1.9901464e+00 -5.3254390e-01  5.1419461e-01 -9.7941530e-01
  1.3454601e+00 -7.9607356e-01 -1.5712239e-01 -2.8954586e-01
  6.1044502e-01 -6.7635787e-01 -1.8108222e+00  5.7546616e-01
 -2.1892891e+00 -4.2659009e-01 -4.2543751e-01  1.4504153e+00
 -4.9177427e+00  2.6326272e-01  1.5257686e+00  8.4339523e-01
  4.0240159e+00 -1.2611614e+00 -9.3640871e-03  7.3839074e-01]
First 5 predictions vs ground truth:

tensor([[[  7.8257,  11.5163, -19.4699]]])
[ -8.167934 -12.89463   18.258537]



